{
  "RSpec": {
    "coverage": {
      "/Users/oscar_sgc/RubymineProjects/QERspec/account.rb": [
        null,
        1,
        1,
        1,
        null,
        1,
        12,
        12,
        null,
        null,
        1,
        6,
        null,
        null,
        1,
        3,
        null,
        null,
        1,
        3,
        1,
        null,
        2,
        2,
        null,
        null
      ],
      "/Users/oscar_sgc/RubymineProjects/QERspec/insufficient_funds_exception.rb": [
        1,
        1,
        null,
        null
      ],
      "/Users/oscar_sgc/RubymineProjects/QERspec/discount.rb": [
        1,
        1,
        null,
        null,
        1,
        5,
        5,
        1,
        null,
        4,
        1,
        null,
        3,
        1,
        null,
        2,
        1,
        null,
        1,
        null,
        null,
        null,
        null,
        4,
        null,
        null
      ],
      "/Users/oscar_sgc/RubymineProjects/QERspec/person.rb": [
        1,
        1,
        null,
        1,
        10,
        10,
        10,
        10,
        null,
        null,
        1,
        1,
        null,
        null,
        1,
        1,
        null,
        null,
        1,
        2,
        2,
        1,
        null,
        1,
        null,
        null,
        null
      ],
      "/Users/oscar_sgc/RubymineProjects/QERspec/spec/account_spec.rb": [
        1,
        1,
        null,
        1,
        null,
        1,
        9,
        null,
        null,
        1,
        1,
        1,
        1,
        null,
        null,
        null,
        1,
        1,
        1,
        null,
        null,
        1,
        1,
        1,
        null,
        null,
        null,
        1,
        1,
        1,
        1,
        null,
        null,
        null,
        1,
        1,
        1,
        1,
        1,
        null,
        null,
        null,
        1,
        1,
        1,
        1,
        1,
        null,
        null,
        null,
        1,
        1,
        1,
        1,
        2,
        null,
        null,
        1,
        1,
        1,
        1,
        1,
        null,
        1,
        1,
        1,
        1,
        1,
        null,
        null,
        null
      ],
      "/Users/oscar_sgc/RubymineProjects/QERspec/spec/discount_spec.rb": [
        1,
        1,
        null,
        1,
        null,
        1,
        6,
        null,
        null,
        1,
        1,
        1,
        null,
        null,
        null,
        1,
        1,
        2,
        null,
        null,
        1,
        1,
        null,
        null,
        1,
        1,
        null,
        null,
        1,
        1,
        null,
        null,
        1,
        1,
        null,
        null,
        null
      ],
      "/Users/oscar_sgc/RubymineProjects/QERspec/spec/person_spec.rb": [
        1,
        1,
        null,
        1,
        1,
        9,
        null,
        null,
        1,
        1,
        1,
        null,
        1,
        1,
        null,
        null,
        null,
        1,
        1,
        1,
        null,
        null,
        null,
        1,
        1,
        1,
        null,
        null,
        null,
        1,
        1,
        1,
        null,
        null,
        null,
        1,
        1,
        1,
        null,
        null,
        null,
        1,
        1,
        1,
        null,
        null,
        null,
        1,
        1,
        1,
        null,
        null,
        null,
        1,
        1,
        1,
        null,
        1,
        1,
        null,
        null,
        null
      ]
    },
    "timestamp": 1447279585
  }
}
